Removed Pin From Net: NetName=5V0 Pin=P4-1
Removed Pin From Net: NetName=MOSI_5V Pin=P4-2
Removed Pin From Net: NetName=SCK_5V Pin=P4-3
Removed Pin From Net: NetName=RESET_5V Pin=P4-4
Removed Pin From Net: NetName=MISO Pin=P4-5
Removed Pin From Net: NetName=GND Pin=P4-6
Removed Pin From Net: NetName=SCK Pin=U4-3
Removed Pin From Net: NetName=RESET Pin=U4-4
Removed Pin From Net: NetName=GND Pin=U4-15
Removed Pin From Net: NetName=RESET_5V Pin=U4-16
Removed Pin From Net: NetName=SCK_5V Pin=U4-17
Removed Member From Class: ClassName=LevelShifter Member=P4
Added Component: Designator=P?(61300611121)
Add component (AddParameter): Name = "Color"; Value = "Black"; VariantName = "[No Variations]"
Add component (AddParameter): Name = "Connector Type"; Value = "Male Pin"; VariantName = "[No Variations]"
Add component (AddParameter): Name = "Contact Gender"; Value = "Male"; VariantName = "[No Variations]"
Add component (AddParameter): Name = "Contact Material"; Value = "Copper"; VariantName = "[No Variations]"
Add component (AddParameter): Name = "Contact Mating Length"; Value = "5.9944mm"; VariantName = "[No Variations]"
Add component (AddParameter): Name = "Contact Plating"; Value = "Gold"; VariantName = "[No Variations]"
Add component (AddParameter): Name = "Contact Resistance"; Value = "20mO"; VariantName = "[No Variations]"
Add component (AddParameter): Name = "Current Rating"; Value = "3A"; VariantName = "[No Variations]"
Add component (AddParameter): Name = "Gender"; Value = "Male"; VariantName = "[No Variations]"
Add component (AddParameter): Name = "Height"; Value = "8.89mm"; VariantName = "[No Variations]"
Add component (AddParameter): Name = "Housing Material"; Value = "PBT"; VariantName = "[No Variations]"
Add component (AddParameter): Name = "Lead Free"; Value = "Lead Free"; VariantName = "[No Variations]"
Add component (AddParameter): Name = "Lead Pitch"; Value = "2.54mm"; VariantName = "[No Variations]"
Add component (AddParameter): Name = "Max Operating Temperature"; Value = "105°C"; VariantName = "[No Variations]"
Add component (AddParameter): Name = "Min Operating Temperature"; Value = "-40°C"; VariantName = "[No Variations]"
Add component (AddParameter): Name = "Mount"; Value = "Through Hole"; VariantName = "[No Variations]"
Add component (AddParameter): Name = "NexarPartId"; Value = "20084590"; VariantName = "[No Variations]"
Add component (AddParameter): Name = "Number of Contacts"; Value = "6"; VariantName = "[No Variations]"
Add component (AddParameter): Name = "Number of Pins"; Value = "6"; VariantName = "[No Variations]"
Add component (AddParameter): Name = "Number of Positions"; Value = "6"; VariantName = "[No Variations]"
Add component (AddParameter): Name = "Number of Rows"; Value = "1"; VariantName = "[No Variations]"
Add component (AddParameter): Name = "Operating Supply Voltage"; Value = "250V"; VariantName = "[No Variations]"
Add component (AddParameter): Name = "Orientation"; Value = "Vertical"; VariantName = "[No Variations]"
Add component (AddParameter): Name = "Packaging"; Value = "Bulk"; VariantName = "[No Variations]"
Add component (AddParameter): Name = "Pitch"; Value = "2.54mm"; VariantName = "[No Variations]"
Add component (AddParameter): Name = "REACH SVHC"; Value = "Unknown"; VariantName = "[No Variations]"
Add component (AddParameter): Name = "RoHS"; Value = "Compliant"; VariantName = "[No Variations]"
Add component (AddParameter): Name = "Termination"; Value = "Through Hole"; VariantName = "[No Variations]"
Add component (AddParameter): Name = "Voltage Rating"; Value = "250V"; VariantName = "[No Variations]"
Added Pin To Net: NetName=5V0 Pin=P?-1
Added Pin To Net: NetName=MOSI_5V Pin=P?-2
Added Pin To Net: NetName=SCK_5V Pin=P?-3
Added Pin To Net: NetName=RESET_5V Pin=P?-4
Added Pin To Net: NetName=MISO Pin=P?-5
Added Pin To Net: NetName=GND Pin=P?-6
Added Pin To Net: NetName=SCK Pin=U4-4
Added Pin To Net: NetName=RESET Pin=U4-5
Added Pin To Net: NetName=RESET_5V Pin=U4-15
Added Pin To Net: NetName=SCK_5V Pin=U4-16
Added Pin To Net: NetName=GND Pin=U4-17
Add Net: Net with name "C0" already exists
Add Net: Net with name "C1" already exists
Add Net: Net with name "C2" already exists
Add Net: Net with name "C3" already exists
Add Net: Net with name "C4" already exists
Add Net: Net with name "C5" already exists
Added Member To Class: ClassName=LevelShifter Member=Component P? 61300611121
