Add Component: Footprint Not Found XDCR_ICM-42670-P
Added Component: Designator=U2(PSON65P250X250X100-8N)
Add component (AddParameter): Name = "Availability"; Value = "Unavailable"; VariantName = "[No Variations]"
Add component (AddParameter): Name = "MF"; Value = ""; VariantName = "[No Variations]"
Add component (AddParameter): Name = "MP"; Value = "BME280"; VariantName = "[No Variations]"
Add component (AddParameter): Name = "Package"; Value = "None"; VariantName = "[No Variations]"
Add component (AddParameter): Name = "Price"; Value = "None"; VariantName = "[No Variations]"
Add component (AddParameter): Name = "Value"; Value = ""; VariantName = "[No Variations]"
Add Pin To Net: Unknown Pin: Pin MT1-1
Add Pin To Net: Unknown Pin: Pin MT1-4
Add Pin To Net: Unknown Pin: Pin MT1-5
Add Pin To Net: Unknown Pin: Pin MT1-6
Add Pin To Net: Unknown Pin: Pin MT1-8
Add Pin To Net: Unknown Pin: Pin MT1-12
Add Pin To Net: Unknown Pin: Pin MT1-13
Add Pin To Net: Unknown Pin: Pin MT1-14
Added Pin To Net: NetName=GND Pin=U2-1
Added Pin To Net: NetName=3V3 Pin=U2-2
Added Pin To Net: NetName=SDA Pin=U2-3
Added Pin To Net: NetName=SCL Pin=U2-4
Added Pin To Net: NetName=GND Pin=U2-5
Added Pin To Net: NetName=3V3 Pin=U2-6
Added Pin To Net: NetName=GND Pin=U2-7
Added Pin To Net: NetName=3V3 Pin=U2-8
Add Class Member: Failed to add class member : Component MT1 ICM-42670-P
Added Member To Class: ClassName=Altimeter Member=Component U2 BME280
