Removed Pin From Net: NetName=GND Pin=C3-1
Removed Pin From Net: NetName=3V3 Pin=C3-2
Removed Pin From Net: NetName=GND Pin=C4-1
Removed Pin From Net: NetName=3V3 Pin=C4-2
Removed Member From Class: ClassName=Altimeter Member=C5
Removed Member From Class: ClassName=Accelerometer Member=C8
Removed Member From Class: ClassName=MicroSD Member=C10
Removed Member From Class: ClassName=BuckConverter Member=C13
Change Component Footprint: Designator=C3 Old Footprint=CAPC3216X100X50ML20T25 New Footprint=CAPC3216X100X50LL20T25
Change Component Footprint: Designator=C4 Old Footprint=CAPC3216X100X50ML20T25 New Footprint=CAPC3216X100X50LL20T25
Added Pin To Net: NetName=3V3 Pin=C3-1
Added Pin To Net: NetName=GND Pin=C3-2
Added Pin To Net: NetName=3V3 Pin=C4-1
Added Pin To Net: NetName=GND Pin=C4-2
Add Net: Net with name "C0" already exists
Add Net: Net with name "C1" already exists
Add Net: Net with name "C2" already exists
Add Net: Net with name "C3" already exists
Add Net: Net with name "C4" already exists
Add Net: Net with name "C5" already exists
Added Member To Class: ClassName=Altimeter Member=Component C4 0.1µF
Added Member To Class: ClassName=Accelerometer Member=Component C6 0.1µF
Added Member To Class: ClassName=Accelerometer Member=Component C7 10nF
Added Member To Class: ClassName=MicroSD Member=Component C9 0.1µF
Added Member To Class: ClassName=BuckConverter Member=Component C11 CFF
Added Member To Class: ClassName=BuckConverter Member=Component C12 COUT
