Add Component: Footprint Not Found XDCR_ICM-42670-P
Add Component: Footprint Not Found PSON65P250X250X100-8N
Add Component: Footprint Not Found VREG_TLV1117LV33DCYR
Add Pin To Net: Unknown Pin: Pin MT1-1
Add Pin To Net: Unknown Pin: Pin MT1-4
Add Pin To Net: Unknown Pin: Pin MT1-5
Add Pin To Net: Unknown Pin: Pin MT1-6
Add Pin To Net: Unknown Pin: Pin MT1-8
Add Pin To Net: Unknown Pin: Pin MT1-12
Add Pin To Net: Unknown Pin: Pin MT1-13
Add Pin To Net: Unknown Pin: Pin MT1-14
Add Pin To Net: Unknown Pin: Pin U2-1
Add Pin To Net: Unknown Pin: Pin U2-2
Add Pin To Net: Unknown Pin: Pin U2-3
Add Pin To Net: Unknown Pin: Pin U2-4
Add Pin To Net: Unknown Pin: Pin U2-5
Add Pin To Net: Unknown Pin: Pin U2-6
Add Pin To Net: Unknown Pin: Pin U2-7
Add Pin To Net: Unknown Pin: Pin U2-8
Add Pin To Net: Unknown Pin: Pin U3-1
Add Pin To Net: Unknown Pin: Pin U3-2
Add Pin To Net: Unknown Pin: Pin U3-3
Add Pin To Net: Unknown Pin: Pin U3-4
Change Net Color : Old Net Color=RGB(158, 161, 117) New Net Color=RGB(253, 131, 0)
Change Net Color : Old Net Color=RGB(158, 161, 117) New Net Color=RGB(0, 163, 110)
Change Net Color : Old Net Color=RGB(158, 161, 117) New Net Color=RGB(0, 163, 110)
Change Net Color : Old Net Color=RGB(158, 161, 117) New Net Color=RGB(0, 163, 110)
Add Class Member: Failed to add class member : Component MT1 ICM-42670-P
Add Class Member: Failed to add class member : Component U2 BME280
Add Class Member: Failed to add class member : Component U3 TLV1117LV33DCYR
