Removed Pin From Net: NetName=VIN Pin=P4-1
Removed Pin From Net: NetName=PE1 Pin=U1-6
Change Component Designator: OldDesignator=D? NewDesignator=D1
Change Component Designator: OldDesignator=D? NewDesignator=D2
Change Component Designator: OldDesignator=D? NewDesignator=D3
Change Component Designator: OldDesignator=D? NewDesignator=D4
Change Component Designator: OldDesignator=D? NewDesignator=D5
Change Component Designator: OldDesignator=D? NewDesignator=D6
Change Component Designator: OldDesignator=P4 NewDesignator=P2
Change Component Designator: OldDesignator=R34 NewDesignator=R10
Change Component Designator: OldDesignator=R35 NewDesignator=R11
Change Component Designator: OldDesignator=R36 NewDesignator=R12
Change Component Designator: OldDesignator=R37 NewDesignator=R13
Change Component Designator: OldDesignator=R38 NewDesignator=R14
Change Component Designator: OldDesignator=R39 NewDesignator=R15
Change Component Designator: OldDesignator=R? NewDesignator=R16
Change Component Designator: OldDesignator=R? NewDesignator=R17
Change Component Designator: OldDesignator=R? NewDesignator=R18
Change Component Designator: OldDesignator=R? NewDesignator=R19
Change Component Designator: OldDesignator=R? NewDesignator=R20
Change Component Designator: OldDesignator=R? NewDesignator=R21
Add Component: Footprint Not Found XDCR_ICM-42670-P
Add Component: Footprint Not Found PSON65P250X250X100-8N
Add Component: Footprint Not Found VREG_TLV1117LV33DCYR
Add Pin To Net: Unknown Pin: Pin MT1-1
Add Pin To Net: Unknown Pin: Pin MT1-4
Add Pin To Net: Unknown Pin: Pin MT1-5
Add Pin To Net: Unknown Pin: Pin MT1-6
Add Pin To Net: Unknown Pin: Pin MT1-8
Add Pin To Net: Unknown Pin: Pin MT1-12
Add Pin To Net: Unknown Pin: Pin MT1-13
Add Pin To Net: Unknown Pin: Pin MT1-14
Added Pin To Net: NetName=5V0 Pin=P2-1
Add Pin To Net: Unknown Pin: Pin U2-1
Add Pin To Net: Unknown Pin: Pin U2-2
Add Pin To Net: Unknown Pin: Pin U2-3
Add Pin To Net: Unknown Pin: Pin U2-4
Add Pin To Net: Unknown Pin: Pin U2-5
Add Pin To Net: Unknown Pin: Pin U2-6
Add Pin To Net: Unknown Pin: Pin U2-7
Add Pin To Net: Unknown Pin: Pin U2-8
Add Pin To Net: Unknown Pin: Pin U3-1
Add Pin To Net: Unknown Pin: Pin U3-2
Add Pin To Net: Unknown Pin: Pin U3-3
Add Pin To Net: Unknown Pin: Pin U3-4
Change Net Name : Old Net Name=NetD?_1 New Net Name=NetD5_1
Change Net Name : Old Net Name=PE1 New Net Name=NetR9_1
Added Pin To Net: NetName=NetD1_1 Pin=D1-1
Added Pin To Net: NetName=NetD1_1 Pin=R16-2
Added Net: Name=NetD1_1
Added Pin To Net: NetName=NetD2_1 Pin=D2-1
Added Pin To Net: NetName=NetD2_1 Pin=R17-2
Added Net: Name=NetD2_1
Added Pin To Net: NetName=NetD3_1 Pin=D3-1
Added Pin To Net: NetName=NetD3_1 Pin=R18-2
Added Net: Name=NetD3_1
Added Pin To Net: NetName=NetD4_1 Pin=D4-1
Added Pin To Net: NetName=NetD4_1 Pin=R19-2
Added Net: Name=NetD4_1
Added Pin To Net: NetName=NetD6_1 Pin=D6-1
Added Pin To Net: NetName=NetD6_1 Pin=R21-2
Added Net: Name=NetD6_1
Added Pin To Net: NetName=PE1 Pin=J1-9
Added Pin To Net: NetName=PE1 Pin=R8-1
Added Pin To Net: NetName=PE1 Pin=U1-6
Added Net: Name=PE1
Added Member To Class: ClassName=Indicators Member=Component D1 150120GS75000
Added Member To Class: ClassName=Indicators Member=Component D2 150120GS75000
Added Member To Class: ClassName=Indicators Member=Component D3 150120GS75000
Added Member To Class: ClassName=Indicators Member=Component D4 150120GS75000
Added Member To Class: ClassName=Indicators Member=Component D6 150120GS75000
Add Class Member: Failed to add class member : Component MT1 ICM-42670-P
Added Member To Class: ClassName=Indicators Member=Component R16 1kO
Added Member To Class: ClassName=Indicators Member=Component R17 1kO
Added Member To Class: ClassName=Indicators Member=Component R18 1kO
Added Member To Class: ClassName=Indicators Member=Component R20 1kO
Added Member To Class: ClassName=Indicators Member=Component R21 1kO
Add Class Member: Failed to add class member : Component U2 BME280
Add Class Member: Failed to add class member : Component U3 TLV1117LV33DCYR
